Vivado Simulator 2019.2
Copyright 1986-1999, 2001-2019 Xilinx, Inc. All Rights Reserved.
Running: D:/ruanjian/Vivado/Vivado/2019.2/bin/unwrapped/win64.o/xelab.exe -wto ced88f9bdb91472983caa644f883ca49 --incr --debug typical --relax --mt 2 -L xil_defaultlib -L unisims_ver -L unimacro_ver -L secureip --snapshot bhp_with_lossy_tb_behav xil_defaultlib.bhp_with_lossy_tb xil_defaultlib.glbl -log elaborate.log 
Using 2 slave threads.
Starting static elaboration
Pass Through NonSizing Optimizer
Completed static elaboration
Starting simulation data flow analysis
Completed simulation data flow analysis
Time Resolution for simulation is 1ps
Compiling module xil_defaultlib.bhp_field_add_sub_gfp(P_MOD=256'...
Compiling module xil_defaultlib.montgomery_add_core(P_MOD=256'b0...
Compiling module xil_defaultlib.montgomery_add(P_MOD=256'b010010...
Compiling module xil_defaultlib.montgomery_add_lookup(P_MOD=256'...
Compiling module xil_defaultlib.coordinate_transformation
Compiling module xil_defaultlib.edwards_add_core(P_MOD=256'b0100...
Compiling module xil_defaultlib.edwards_add(P_MOD=256'b010010101...
Compiling module xil_defaultlib.bhp_256
Compiling module xil_defaultlib.bhp_256_top
Compiling module xil_defaultlib.cast_lossy_core
Compiling module xil_defaultlib.cast_lossy
Compiling module xil_defaultlib.CarrySaveAdder_15cc(DATA_WIDTH=9...
Compiling module xil_defaultlib.CarrySaveAdder_Complement_15cc(D...
Compiling module xil_defaultlib.Full_Adder_15cc(DATA_WIDTH=96)
Compiling module xil_defaultlib.CSA_4T1_15cc(DATA_WIDTH=96)
Compiling module xil_defaultlib.Shifer_adder_15cc(WITDH_IN2=66,W...
Compiling module xil_defaultlib.kom_pe_15cc(PE_WIDTH=64)
Compiling module xil_defaultlib.CarrySaveAdder_15cc(DATA_WIDTH=9...
Compiling module xil_defaultlib.CarrySaveAdder_Complement_15cc(D...
Compiling module xil_defaultlib.Full_Adder_15cc(DATA_WIDTH=97)
Compiling module xil_defaultlib.CSA_4T1_15cc(DATA_WIDTH=97)
Compiling module xil_defaultlib.Shifer_adder_15cc_default
Compiling module xil_defaultlib.kom_pe_15cc(PE_WIDTH=65)
Compiling module xil_defaultlib.CarrySaveAdder_15cc(DATA_WIDTH=9...
Compiling module xil_defaultlib.CarrySaveAdder_Complement_15cc(D...
Compiling module xil_defaultlib.Full_Adder_15cc(DATA_WIDTH=99)
Compiling module xil_defaultlib.CSA_4T1_15cc(DATA_WIDTH=99)
Compiling module xil_defaultlib.Shifer_adder_15cc(WITDH_IN1=66)
Compiling module xil_defaultlib.kom_pe_15cc(PE_WIDTH=66)
Compiling module xil_defaultlib.CarrySaveAdder_15cc(DATA_WIDTH=1...
Compiling module xil_defaultlib.CarrySaveAdder_Complement_15cc(D...
Compiling module xil_defaultlib.Full_Adder_15cc(DATA_WIDTH=192)
Compiling module xil_defaultlib.CSA_4T1_15cc(DATA_WIDTH=192)
Compiling module xil_defaultlib.Shifer_adder_15cc(WITDH_IN1=128,...
Compiling module xil_defaultlib.CarrySaveAdder_15cc(DATA_WIDTH=1...
Compiling module xil_defaultlib.CarrySaveAdder_Complement_15cc(D...
Compiling module xil_defaultlib.Full_Adder_15cc(DATA_WIDTH=193)
Compiling module xil_defaultlib.CSA_4T1_15cc(DATA_WIDTH=193)
Compiling module xil_defaultlib.Shifer_adder_15cc(WITDH_IN1=128,...
Compiling module xil_defaultlib.CarrySaveAdder_15cc(DATA_WIDTH=3...
Compiling module xil_defaultlib.CarrySaveAdder_Complement_15cc(D...
Compiling module xil_defaultlib.Full_Adder_15cc(DATA_WIDTH=384)
Compiling module xil_defaultlib.CSA_4T1_15cc(DATA_WIDTH=384)
Compiling module xil_defaultlib.Shifer_adder_15cc(WITDH_IN1=256,...
Compiling module xil_defaultlib.CarrySaveAdder_15cc
Compiling module xil_defaultlib.CarrySaveAdder_Complement_15cc
Compiling module xil_defaultlib.Full_Adder_15cc
Compiling module xil_defaultlib.CSA_5T1_15cc
Compiling module xil_defaultlib.Shifer_adder_MPRI_15cc(WITDH_IN2...
Compiling module xil_defaultlib.karasuba_mul_15cc(MUL_WIDTH=256)
Compiling module xil_defaultlib.KOM_Bar_MM_15cc
Compiling module xil_defaultlib.subtractor
Compiling module xil_defaultlib.bhp_adder
Compiling module xil_defaultlib.field_inv_gfp(P_MOD=256'b0100101...
Compiling module xil_defaultlib.from32to256_default
Compiling module xil_defaultlib.fromrxto256
Compiling module xil_defaultlib.sync_fifo_ptr
Compiling module xil_defaultlib.bhp_with_lossy
Compiling module xil_defaultlib.bhp_with_lossy_tb
Compiling module xil_defaultlib.glbl
Built simulation snapshot bhp_with_lossy_tb_behav
